#
# There is insufficient memory for the Java Runtime Environment to continue.
# Native memory allocation (malloc) failed to allocate 1048576 bytes for AllocateHeap
# Possible reasons:
#   The system is out of physical RAM or swap space
#   The process is running with CompressedOops enabled, and the Java Heap may be blocking the growth of the native heap
# Possible solutions:
#   Reduce memory load on the system
#   Increase physical memory or swap space
#   Check if swap backing store is full
#   Decrease Java heap size (-Xmx/-Xms)
#   Decrease number of Java threads
#   Decrease Java thread stack sizes (-Xss)
#   Set larger code cache with -XX:ReservedCodeCacheSize=
#   JVM is running with Zero Based Compressed Oops mode in which the Java heap is
#     placed in the first 32GB address space. The Java Heap base address is the
#     maximum limit for the native heap growth. Please use -XX:HeapBaseMinAddress
#     to set the Java Heap base and to place the Java Heap above 32GB virtual address.
# This output file may be truncated or incomplete.
#
#  Out of Memory Error (memory/allocation.inline.hpp:61), pid=14796, tid=0x0000000000000928
#
# JRE version:  (8.0_201-b09) (build )
# Java VM: Java HotSpot(TM) 64-Bit Server VM (25.201-b09 mixed mode windows-amd64 compressed oops)
# Failed to write core dump. Minidumps are not enabled by default on client versions of Windows
#

---------------  T H R E A D  ---------------

Current thread (0x00000000028f1000):  JavaThread "Unknown thread" [_thread_in_vm, id=2344, stack(0x00000000027f0000,0x00000000028f0000)]

Stack: [0x00000000027f0000,0x00000000028f0000]
[error occurred during error reporting (printing stack bounds), id 0xc0000005]

Native frames: (J=compiled Java code, j=interpreted, Vv=VM code, C=native code)


---------------  P R O C E S S  ---------------

Java Threads: ( => current thread )

Other Threads:

=>0x00000000028f1000 (exited) JavaThread "Unknown thread" [_thread_in_vm, id=2344, stack(0x00000000027f0000,0x00000000028f0000)]

VM state:not at safepoint (normal execution)

VM Mutex/Monitor currently owned by a thread: None

heap address: 0x00000006c1200000, size: 4078 MB, Compressed Oops mode: Zero based, Oop shift amount: 3
Narrow klass base: 0x0000000000000000, Narrow klass shift: 3
Compressed class space size: 1073741824 Address: 0x00000007c0000000

Heap:
 PSYoungGen      total 76288K, used 1310K [0x000000076b100000, 0x0000000770600000, 0x00000007c0000000)
  eden space 65536K, 2% used [0x000000076b100000,0x000000076b247af0,0x000000076f100000)
  from space 10752K, 0% used [0x000000076fb80000,0x000000076fb80000,0x0000000770600000)
  to   space 10752K, 0% used [0x000000076f100000,0x000000076f100000,0x000000076fb80000)
 ParOldGen       total 175104K, used 0K [0x00000006c1200000, 0x00000006cbd00000, 0x000000076b100000)
  object space 175104K, 0% used [0x00000006c1200000,0x00000006c1200000,0x00000006cbd00000)
 Metaspace       used 775K, capacity 4480K, committed 4480K, reserved 1056768K
  class space    used 76K, capacity 384K, committed 384K, reserved 1048576K

Card table byte_map: [0x0000000011db0000,0x00000000125b0000] byte_map_base: 0x000000000e7a7000

Marking Bits: (ParMarkBitMap*) 0x000000006b274ce0
 Begin Bits: [0x0000000013300000, 0x00000000172b8000)
 End Bits:   [0x00000000172b8000, 0x000000001b270000)

Polling page: 0x00000000005a0000

CodeCache: size=245760Kb used=328Kb max_used=328Kb free=245431Kb
 bounds [0x00000000029f0000, 0x0000000002c60000, 0x00000000119f0000]
 total_blobs=58 nmethods=0 adapters=38
 compilation: enabled

Compilation events (0 events):
No events

GC Heap History (0 events):
No events

Deoptimization events (0 events):
No events

Classes redefined (0 events):
No events

Internal exceptions (0 events):
No events

Events (10 events):
Event: 0.025 loading class java/lang/Short
Event: 0.025 loading class java/lang/Short done
Event: 0.025 loading class java/lang/Integer
Event: 0.025 loading class java/lang/Integer done
Event: 0.025 loading class java/lang/Long
Event: 0.025 loading class java/lang/Long done
Event: 0.026 loading class java/lang/NullPointerException
Event: 0.026 loading class java/lang/NullPointerException done
Event: 0.026 loading class java/lang/ArithmeticException
Event: 0.026 loading class java/lang/ArithmeticException done


Dynamic libraries:
0x00007ff783520000 - 0x00007ff783557000 	D:\JobSoftware\jdk1.8.0_201\jre\bin\java.exe
0x00007ffe4acc0000 - 0x00007ffe4aeb0000 	C:\WINDOWS\SYSTEM32\ntdll.dll
0x00007ffe4a8b0000 - 0x00007ffe4a962000 	C:\WINDOWS\System32\KERNEL32.DLL
0x00007ffe48ac0000 - 0x00007ffe48d64000 	C:\WINDOWS\System32\KERNELBASE.dll
0x00007ffe49590000 - 0x00007ffe49633000 	C:\WINDOWS\System32\ADVAPI32.dll
0x00007ffe4a7a0000 - 0x00007ffe4a83e000 	C:\WINDOWS\System32\msvcrt.dll
0x00007ffe4a700000 - 0x00007ffe4a797000 	C:\WINDOWS\System32\sechost.dll
0x00007ffe4aa00000 - 0x00007ffe4ab20000 	C:\WINDOWS\System32\RPCRT4.dll
0x00007ffe493f0000 - 0x00007ffe49584000 	C:\WINDOWS\System32\USER32.dll
0x00007ffe47cd0000 - 0x00007ffe47cf1000 	C:\WINDOWS\System32\win32u.dll
0x00007ffe4a970000 - 0x00007ffe4a996000 	C:\WINDOWS\System32\GDI32.dll
0x00007ffe48720000 - 0x00007ffe488b4000 	C:\WINDOWS\System32\gdi32full.dll
0x00007ffe48480000 - 0x00007ffe4851e000 	C:\WINDOWS\System32\msvcp_win.dll
0x00007ffe48970000 - 0x00007ffe48a6a000 	C:\WINDOWS\System32\ucrtbase.dll
0x00007ffe34930000 - 0x00007ffe34bb4000 	C:\WINDOWS\WinSxS\amd64_microsoft.windows.common-controls_6595b64144ccf1df_6.0.18362.836_none_e6c4b943130f18ed\COMCTL32.dll
0x00007ffe48f30000 - 0x00007ffe49266000 	C:\WINDOWS\System32\combase.dll
0x00007ffe47c50000 - 0x00007ffe47cd0000 	C:\WINDOWS\System32\bcryptPrimitives.dll
0x00007ffe49360000 - 0x00007ffe4938e000 	C:\WINDOWS\System32\IMM32.DLL
0x000000006bd60000 - 0x000000006be31000 	D:\JobSoftware\jdk1.8.0_201\jre\bin\msvcr100.dll
0x000000006aa50000 - 0x000000006b2f4000 	D:\JobSoftware\jdk1.8.0_201\jre\bin\server\jvm.dll
0x00007ffe48f20000 - 0x00007ffe48f28000 	C:\WINDOWS\System32\PSAPI.DLL
0x00007ffe42a00000 - 0x00007ffe42a24000 	C:\WINDOWS\SYSTEM32\WINMM.dll
0x00007ffe3ae80000 - 0x00007ffe3ae8a000 	C:\WINDOWS\SYSTEM32\VERSION.dll
0x00007ffe31a50000 - 0x00007ffe31a59000 	C:\WINDOWS\SYSTEM32\WSOCK32.dll
0x00007ffe4a840000 - 0x00007ffe4a8af000 	C:\WINDOWS\System32\WS2_32.dll
0x00007ffe428d0000 - 0x00007ffe428fd000 	C:\WINDOWS\SYSTEM32\WINMMBASE.dll
0x00007ffe48a70000 - 0x00007ffe48aba000 	C:\WINDOWS\System32\cfgmgr32.dll
0x00007ffe43930000 - 0x00007ffe4393f000 	D:\JobSoftware\jdk1.8.0_201\jre\bin\verify.dll
0x00007ffe3f4e0000 - 0x00007ffe3f509000 	D:\JobSoftware\jdk1.8.0_201\jre\bin\java.dll
0x00007ffe3f530000 - 0x00007ffe3f546000 	D:\JobSoftware\jdk1.8.0_201\jre\bin\zip.dll

VM Arguments:
java_command: C:\Users\zoy\AppData\Local\Temp\surefire4879378793752180307\surefirebooter6574651719140250999.jar C:\Users\zoy\AppData\Local\Temp\surefire4879378793752180307 2020-05-29T15-40-40_308-jvmRun1 surefire4643625979120062187tmp surefire_03868245843279458754tmp
java_class_path (initial): C:\Users\zoy\AppData\Local\Temp\surefire4879378793752180307\surefirebooter6574651719140250999.jar
Launcher Type: SUN_STANDARD

Environment Variables:
JAVA_HOME=D:\JobSoftware\jdk1.8.0_201
JRE_HOME=D:\JobSoftware\jdk1.8.0_201
PATH=C:\Program Files (x86)\Common Files\Oracle\Java\javapath;C:\WINDOWS\system32;C:\WINDOWS;C:\WINDOWS\System32\Wbem;C:\WINDOWS\System32\WindowsPowerShell\v1.0\;C:\WINDOWS\System32\OpenSSH\;D:\JobSoftware\Git\cmd;"D:\JobSoftware\apache-tomcat-7.0.56\lib;D:\JobSoftware\apache-tomcat-7.0.56\bin";"D:\JobSoftware\jdk1.8.0_201\bin;D:\JobSoftware\jdk1.8.0_201\jre\bin;";D:\JobSoftware\nodejs\;D:\JobSoftware\apache-maven-3.6.0\bin;C:\Users\zoy\AppData\Local\Microsoft\WindowsApps;C:\Users\zoy\AppData\Roaming\npm;
USERNAME=zoy
OS=Windows_NT
PROCESSOR_IDENTIFIER=Intel64 Family 6 Model 142 Stepping 10, GenuineIntel



---------------  S Y S T E M  ---------------

OS: Windows 10.0 , 64 bit Build 18362 (10.0.18362.778)

CPU:total 8 (initial active 8) (4 cores per cpu, 2 threads per core) family 6 model 142 stepping 10, cmov, cx8, fxsr, mmx, sse, sse2, sse3, ssse3, sse4.1, sse4.2, popcnt, avx, avx2, aes, clmul, erms, rtm, 3dnowpref, lzcnt, ht, tsc, tscinvbit, bmi1, bmi2, adx

Memory: 4k page, physical 16700332k(5738336k free), swap 32265384k(4312k free)

vm_info: Java HotSpot(TM) 64-Bit Server VM (25.201-b09) for windows-amd64 JRE (1.8.0_201-b09), built on Dec 15 2018 18:36:39 by "java_re" with MS VC++ 10.0 (VS2010)

time: Fri May 29 15:40:40 2020
timezone: 中国标准时间
elapsed time: 0 seconds (0d 0h 0m 0s)

